<?xml version="1.0" encoding="UTF-8"?>
<!-- Generated by org.testng.reporters.JUnitReportReporter -->
<testsuite hostname="LAPTOP-JNF6PB7H" failures="0" tests="1" name="test.Testalertpopup" time="32.353" errors="0" timestamp="2022-01-18T22:25:31 IST" skipped="0">
  <testcase classname="test.Testalertpopup" name="test" time="32.353"/>
  <system-out/>
</testsuite> <!-- test.Testalertpopup -->
